Starting a Gradle Daemon, 1 incompatible Daemon could not be reused, use --status for details
> Task :compileJava
> Task :processResources
> Task :classes
> Task :resolveMainClassName

> Task :bootRun

  .   ____          _            __ _ _
 /\\ / ___'_ __ _ _(_)_ __  __ _ \ \ \ \
( ( )\___ | '_ | '_| | '_ \/ _` | \ \ \ \
 \\/  ___)| |_)| | | | | || (_| |  ) ) ) )
  '  |____| .__|_| |_|_| |_\__, | / / / /
 =========|_|==============|___/=/_/_/_/

 :: Spring Boot ::                (v3.5.7)

2025-12-03T13:37:52.825+07:00  INFO 9422 --- [test_spring_gradle] [  restartedMain] t.e.t.TestSpringGradleApplication        : Starting TestSpringGradleApplication using Java 21 with PID 9422 (/Users/macbook/Documents/Year4/javaXspringBoot/test_spring_gradle/build/classes/java/main started by macbook in /Users/macbook/Documents/Year4/javaXspringBoot/test_spring_gradle)
2025-12-03T13:37:52.826+07:00  INFO 9422 --- [test_spring_gradle] [  restartedMain] t.e.t.TestSpringGradleApplication        : No active profile set, falling back to 1 default profile: "default"
2025-12-03T13:37:52.844+07:00  INFO 9422 --- [test_spring_gradle] [  restartedMain] .e.DevToolsPropertyDefaultsPostProcessor : Devtools property defaults active! Set 'spring.devtools.add-properties' to 'false' to disable
2025-12-03T13:37:52.844+07:00  INFO 9422 --- [test_spring_gradle] [  restartedMain] .e.DevToolsPropertyDefaultsPostProcessor : For additional web related logging consider setting the 'logging.level.web' property to 'DEBUG'
2025-12-03T13:37:53.049+07:00  INFO 9422 --- [test_spring_gradle] [  restartedMain] .s.d.r.c.RepositoryConfigurationDelegate : Bootstrapping Spring Data JPA repositories in DEFAULT mode.
2025-12-03T13:37:53.063+07:00  INFO 9422 --- [test_spring_gradle] [  restartedMain] .s.d.r.c.RepositoryConfigurationDelegate : Finished Spring Data repository scanning in 10 ms. Found 2 JPA repository interfaces.
2025-12-03T13:37:53.353+07:00  INFO 9422 --- [test_spring_gradle] [  restartedMain] o.s.b.w.embedded.tomcat.TomcatWebServer  : Tomcat initialized with port 8080 (http)
2025-12-03T13:37:53.359+07:00  INFO 9422 --- [test_spring_gradle] [  restartedMain] o.apache.catalina.core.StandardService   : Starting service [Tomcat]
2025-12-03T13:37:53.359+07:00  INFO 9422 --- [test_spring_gradle] [  restartedMain] o.apache.catalina.core.StandardEngine    : Starting Servlet engine: [Apache Tomcat/10.1.48]
2025-12-03T13:37:53.370+07:00  INFO 9422 --- [test_spring_gradle] [  restartedMain] o.a.c.c.C.[Tomcat].[localhost].[/]       : Initializing Spring embedded WebApplicationContext
2025-12-03T13:37:53.370+07:00  INFO 9422 --- [test_spring_gradle] [  restartedMain] w.s.c.ServletWebServerApplicationContext : Root WebApplicationContext: initialization completed in 526 ms
2025-12-03T13:37:53.602+07:00  INFO 9422 --- [test_spring_gradle] [  restartedMain] org.flywaydb.core.FlywayExecutor         : Database: jdbc:mysql://localhost:3306/product (MySQL 9.4)
2025-12-03T13:37:53.632+07:00  INFO 9422 --- [test_spring_gradle] [  restartedMain] o.f.core.internal.command.DbValidate     : Successfully validated 4 migrations (execution time 00:00.010s)
2025-12-03T13:37:53.650+07:00  INFO 9422 --- [test_spring_gradle] [  restartedMain] o.f.core.internal.command.DbMigrate      : Current version of schema `product`: 4
2025-12-03T13:37:53.651+07:00  INFO 9422 --- [test_spring_gradle] [  restartedMain] o.f.core.internal.command.DbMigrate      : Schema `product` is up to date. No migration necessary.
2025-12-03T13:37:53.673+07:00  INFO 9422 --- [test_spring_gradle] [  restartedMain] com.zaxxer.hikari.HikariDataSource       : HikariPool-1 - Starting...
2025-12-03T13:37:53.687+07:00  INFO 9422 --- [test_spring_gradle] [  restartedMain] com.zaxxer.hikari.pool.HikariPool        : HikariPool-1 - Added connection com.mysql.cj.jdbc.ConnectionImpl@21972ab2
2025-12-03T13:37:53.687+07:00  INFO 9422 --- [test_spring_gradle] [  restartedMain] com.zaxxer.hikari.HikariDataSource       : HikariPool-1 - Start completed.
2025-12-03T13:37:53.701+07:00  INFO 9422 --- [test_spring_gradle] [  restartedMain] o.hibernate.jpa.internal.util.LogHelper  : HHH000204: Processing PersistenceUnitInfo [name: default]
2025-12-03T13:37:53.718+07:00  INFO 9422 --- [test_spring_gradle] [  restartedMain] org.hibernate.Version                    : HHH000412: Hibernate ORM core version 6.6.33.Final
2025-12-03T13:37:53.728+07:00  INFO 9422 --- [test_spring_gradle] [  restartedMain] o.h.c.internal.RegionFactoryInitiator    : HHH000026: Second-level cache disabled
2025-12-03T13:37:53.816+07:00  INFO 9422 --- [test_spring_gradle] [  restartedMain] o.s.o.j.p.SpringPersistenceUnitInfo      : No LoadTimeWeaver setup: ignoring JPA class transformer
2025-12-03T13:37:53.850+07:00  INFO 9422 --- [test_spring_gradle] [  restartedMain] org.hibernate.orm.connections.pooling    : HHH10001005: Database info:
	Database JDBC URL [Connecting through datasource 'HikariDataSource (HikariPool-1)']
	Database driver: undefined/unknown
	Database version: 9.4
	Autocommit mode: undefined/unknown
	Isolation level: undefined/unknown
	Minimum pool size: undefined/unknown
	Maximum pool size: undefined/unknown
2025-12-03T13:37:54.130+07:00  INFO 9422 --- [test_spring_gradle] [  restartedMain] o.h.e.t.j.p.i.JtaPlatformInitiator       : HHH000489: No JTA platform available (set 'hibernate.transaction.jta.platform' to enable JTA platform integration)
2025-12-03T13:37:54.131+07:00  INFO 9422 --- [test_spring_gradle] [  restartedMain] j.LocalContainerEntityManagerFactoryBean : Initialized JPA EntityManagerFactory for persistence unit 'default'
2025-12-03T13:37:54.313+07:00  INFO 9422 --- [test_spring_gradle] [  restartedMain] eAuthenticationProviderManagerConfigurer : Global AuthenticationManager configured with AuthenticationProvider bean with name authProvider
2025-12-03T13:37:54.314+07:00  WARN 9422 --- [test_spring_gradle] [  restartedMain] r$InitializeUserDetailsManagerConfigurer : Global AuthenticationManager configured with an AuthenticationProvider bean. UserDetailsService beans will not be used by Spring Security for automatically configuring username/password login. Consider removing the AuthenticationProvider bean. Alternatively, consider using the UserDetailsService in a manually instantiated DaoAuthenticationProvider. If the current configuration is intentional, to turn off this warning, increase the logging level of 'org.springframework.security.config.annotation.authentication.configuration.InitializeUserDetailsBeanManagerConfigurer' to ERROR
2025-12-03T13:37:54.342+07:00  WARN 9422 --- [test_spring_gradle] [  restartedMain] JpaBaseConfiguration$JpaWebConfiguration : spring.jpa.open-in-view is enabled by default. Therefore, database queries may be performed during view rendering. Explicitly configure spring.jpa.open-in-view to disable this warning
2025-12-03T13:37:54.379+07:00  INFO 9422 --- [test_spring_gradle] [  restartedMain] o.s.b.a.w.s.WelcomePageHandlerMapping    : Adding welcome page template: index
2025-12-03T13:37:54.484+07:00  INFO 9422 --- [test_spring_gradle] [  restartedMain] o.s.b.a.e.web.EndpointLinksResolver      : Exposing 1 endpoint beneath base path '/actuator'
2025-12-03T13:37:54.633+07:00  WARN 9422 --- [test_spring_gradle] [  restartedMain] o.s.b.d.a.OptionalLiveReloadServer       : Unable to start LiveReload server
2025-12-03T13:37:54.653+07:00  WARN 9422 --- [test_spring_gradle] [  restartedMain] ConfigServletWebServerApplicationContext : Exception encountered during context initialization - cancelling refresh attempt: org.springframework.context.ApplicationContextException: Failed to start bean 'webServerStartStop'
2025-12-03T13:37:54.654+07:00  INFO 9422 --- [test_spring_gradle] [  restartedMain] j.LocalContainerEntityManagerFactoryBean : Closing JPA EntityManagerFactory for persistence unit 'default'
2025-12-03T13:37:54.655+07:00  INFO 9422 --- [test_spring_gradle] [  restartedMain] com.zaxxer.hikari.HikariDataSource       : HikariPool-1 - Shutdown initiated...
2025-12-03T13:37:54.656+07:00  INFO 9422 --- [test_spring_gradle] [  restartedMain] com.zaxxer.hikari.HikariDataSource       : HikariPool-1 - Shutdown completed.
2025-12-03T13:37:54.663+07:00  INFO 9422 --- [test_spring_gradle] [  restartedMain] .s.b.a.l.ConditionEvaluationReportLogger : 

Error starting ApplicationContext. To display the condition evaluation report re-run your application with 'debug' enabled.
2025-12-03T13:37:54.669+07:00 ERROR 9422 --- [test_spring_gradle] [  restartedMain] o.s.b.d.LoggingFailureAnalysisReporter   : 

***************************
APPLICATION FAILED TO START
***************************

Description:

Web server failed to start. Port 8080 was already in use.

Action:

Identify and stop the process that's listening on port 8080 or configure this application to listen on another port.


BUILD SUCCESSFUL in 5s
4 actionable tasks: 4 executed
